<?xml version="1.0" encoding="UTF-8"?>
<!-- Generated by org.testng.reporters.JUnitReportReporter -->
<testsuite hostname="DESKTOP-VBH9CD8" failures="0" tests="1" name="basicProject.MavenExample" time="4.127" errors="0" timestamp="2024-12-19T12:18:19 IST" skipped="0">
  <testcase classname="basicProject.MavenExample" name="mavExample" time="4.127"/>
</testsuite> <!-- basicProject.MavenExample -->
